0 info it worked if it ends with ok
1 verbose cli [ '/usr/bin/nodejs', '/usr/bin/npm', 'install' ]
2 info using npm@1.4.21
3 info using node@v0.10.25
4 verbose readDependencies using package.json deps
5 verbose install where, deps [ '/home/archalia/dev/project-presentation',
5 verbose install   [ 'karma',
5 verbose install     'karma-chrome-launcher',
5 verbose install     'karma-jasmine',
5 verbose install     'protractor',
5 verbose install     'http-server',
5 verbose install     'tmp',
5 verbose install     'bower',
5 verbose install     'shelljs' ] ]
6 info preinstall project-presentation@0.0.1
7 verbose readDependencies using package.json deps
8 verbose already installed skipping karma-jasmine@^0.1.5 /home/archalia/dev/project-presentation
9 verbose already installed skipping karma-chrome-launcher@^0.1.4 /home/archalia/dev/project-presentation
10 verbose already installed skipping protractor@~1.0.0 /home/archalia/dev/project-presentation
11 verbose already installed skipping tmp@0.0.23 /home/archalia/dev/project-presentation
12 verbose already installed skipping http-server@^0.6.1 /home/archalia/dev/project-presentation
13 verbose already installed skipping bower@^1.3.1 /home/archalia/dev/project-presentation
14 verbose already installed skipping shelljs@^0.2.6 /home/archalia/dev/project-presentation
15 verbose already installed skipping karma@^0.12.16 /home/archalia/dev/project-presentation
16 silly resolved []
17 info build /home/archalia/dev/project-presentation
18 verbose linkStuff [ false, false, false, '/home/archalia/dev' ]
19 info linkStuff project-presentation@0.0.1
20 verbose linkBins project-presentation@0.0.1
21 verbose linkMans project-presentation@0.0.1
22 verbose rebuildBundles project-presentation@0.0.1
23 verbose rebuildBundles [ '.bin',
23 verbose rebuildBundles   'bower',
23 verbose rebuildBundles   'http-server',
23 verbose rebuildBundles   'karma',
23 verbose rebuildBundles   'karma-chrome-launcher',
23 verbose rebuildBundles   'karma-jasmine',
23 verbose rebuildBundles   'protractor',
23 verbose rebuildBundles   'shelljs',
23 verbose rebuildBundles   'tmp' ]
24 info install project-presentation@0.0.1
25 info postinstall project-presentation@0.0.1
26 verbose unsafe-perm in lifecycle true
27 info project-presentation@0.0.1 Failed to exec postinstall script
28 error project-presentation@0.0.1 postinstall: `bower install`
28 error Exit status 1
29 error Failed at the project-presentation@0.0.1 postinstall script.
29 error This is most likely a problem with the project-presentation package,
29 error not with npm itself.
29 error Tell the author that this fails on your system:
29 error     bower install
29 error You can get their info via:
29 error     npm owner ls project-presentation
29 error There is likely additional logging output above.
30 error System Linux 3.16.0-23-generic
31 error command "/usr/bin/nodejs" "/usr/bin/npm" "install"
32 error cwd /home/archalia/dev/project-presentation
33 error node -v v0.10.25
34 error npm -v 1.4.21
35 error code ELIFECYCLE
36 verbose exit [ 1, true ]
